2025-04-12 08:22:16,686 - WARNING - 加载了之前检测到的攻击状态 - 启用增强防御模式
2025-04-12 08:22:16,686 - INFO - 已从 /home/kali/Desktop/client/enhanced/config/security_state.json 加载安全状态
2025-04-12 08:22:16,686 - INFO - 初始化时刷新ARP表...
2025-04-12 08:22:16,686 - INFO - 主动刷新ARP表...
2025-04-12 08:22:16,689 - INFO - ARP表已成功刷新
2025-04-12 08:22:17,691 - INFO - 设备指纹: dbc5af076c88369a...
2025-04-12 08:22:17,691 - INFO - 重连前刷新ARP表...
2025-04-12 08:22:17,691 - INFO - 主动刷新ARP表...
2025-04-12 08:22:17,695 - INFO - ARP表已成功刷新
2025-04-12 08:22:18,699 - INFO - 启动增强安全视频监控: https://172.20.10.7:5443/video_feed
2025-04-12 08:22:18,699 - WARNING - 检测到之前的攻击 - 自动启用SAFETY模式
2025-04-12 08:22:18,993 - INFO - 验证服务器证书: https://172.20.10.7:5443/video_feed
2025-04-12 08:22:18,994 - INFO - 加载已保存的服务器指纹: 560704b15258ee6a7ffaf63e7abf29ba06d012184b412feaecbc9d04b5d115b2
2025-04-12 08:22:19,013 - INFO - 证书指纹验证成功
2025-04-12 08:22:19,013 - INFO - 服务器证书验证成功
2025-04-12 08:22:19,119 - INFO - 发送认证请求到 https://172.20.10.7:5443/api/auth
2025-04-12 08:22:19,143 - INFO - 挑战验证成功
2025-04-12 08:22:19,143 - INFO - 服务器信息: {'fingerprint': '560704b15258ee6a7ffaf63e7abf29ba06d012184b412feaecbc9d04b5d115b2', 'hostname': 'MacBook-Pro.local', 'version': '2.0'}
2025-04-12 08:22:19,143 - INFO - 认证成功
2025-04-12 08:22:19,143 - INFO - 心跳线程已启动
2025-04-12 08:22:19,144 - INFO - 认证成功
2025-04-12 08:22:19,144 - INFO - 网络监控线程已启动
2025-04-12 08:22:19,144 - INFO - 启动视频帧获取线程: https://172.20.10.7:5443/video_feed
2025-04-12 08:22:19,144 - WARNING - 检测到之前的攻击状态，重置网络环境...
2025-04-12 08:22:19,144 - INFO - 主动刷新ARP表...
2025-04-12 08:22:19,148 - INFO - ARP表已成功刷新
2025-04-12 08:22:21,152 - WARNING - 已检测到攻击，使用增强安全检查
2025-04-12 08:22:23,521 - INFO - 已连接到HTTPS视频流
2025-04-12 08:22:23,591 - WARNING - 检测到攻击，强制启用缓存模式
2025-04-12 08:22:24,243 - INFO - 已成功接收 10 帧
2025-04-12 08:22:24,588 - INFO - 用户退出
2025-04-12 08:22:24,602 - INFO - 安全状态已保存到 /home/kali/Desktop/client/enhanced/config/security_state.json
2025-04-12 08:22:24,604 - INFO - 安全状态已保存到 /home/kali/Desktop/client/enhanced/config/security_state.json
2025-04-12 08:22:24,604 - INFO - 程序已终止
2025-04-12 08:23:02,445 - INFO - 初始化时刷新ARP表...
2025-04-12 08:23:02,445 - INFO - 主动刷新ARP表...
2025-04-12 08:23:02,449 - INFO - ARP表已成功刷新
2025-04-12 08:23:03,451 - INFO - 设备指纹: dbc5af076c88369a...
2025-04-12 08:23:03,451 - INFO - 重连前刷新ARP表...
2025-04-12 08:23:03,451 - INFO - 主动刷新ARP表...
2025-04-12 08:23:03,456 - INFO - ARP表已成功刷新
2025-04-12 08:23:04,456 - INFO - 启动增强安全视频监控: https://172.20.10.7:5443/video_feed
2025-04-12 08:23:04,719 - INFO - 验证服务器证书: https://172.20.10.7:5443/video_feed
2025-04-12 08:23:04,720 - INFO - 加载已保存的服务器指纹: 560704b15258ee6a7ffaf63e7abf29ba06d012184b412feaecbc9d04b5d115b2
2025-04-12 08:23:04,748 - INFO - 证书指纹验证成功
2025-04-12 08:23:04,748 - INFO - 服务器证书验证成功
2025-04-12 08:23:04,844 - INFO - 发送认证请求到 https://172.20.10.7:5443/api/auth
2025-04-12 08:23:04,876 - INFO - 挑战验证成功
2025-04-12 08:23:04,876 - INFO - 服务器信息: {'fingerprint': '560704b15258ee6a7ffaf63e7abf29ba06d012184b412feaecbc9d04b5d115b2', 'hostname': 'MacBook-Pro.local', 'version': '2.0'}
2025-04-12 08:23:04,876 - INFO - 认证成功
2025-04-12 08:23:04,876 - INFO - 心跳线程已启动
2025-04-12 08:23:04,876 - INFO - 认证成功
2025-04-12 08:23:04,877 - INFO - 网络监控线程已启动
2025-04-12 08:23:04,877 - INFO - 启动视频帧获取线程: https://172.20.10.7:5443/video_feed
2025-04-12 08:23:04,878 - INFO - 添加新的可信IP-MAC映射: 172.20.10.7 -> dev
2025-04-12 08:23:04,878 - INFO - 存储服务器MAC地址: dev
2025-04-12 08:23:05,016 - INFO - 已连接到HTTPS视频流
2025-04-12 08:23:05,744 - INFO - 已成功接收 10 帧
2025-04-12 08:23:05,916 - INFO - 用户退出
2025-04-12 08:23:05,934 - INFO - 安全状态已保存到 /home/kali/Desktop/client/enhanced/config/security_state.json
2025-04-12 08:23:05,934 - INFO - 程序已终止
2025-04-12 08:28:10,173 - INFO - 已从 /home/kali/Desktop/client/enhanced/config/security_state.json 加载安全状态
2025-04-12 08:28:10,173 - INFO - 初始化时刷新ARP表...
2025-04-12 08:28:10,173 - INFO - 主动刷新ARP表...
2025-04-12 08:28:10,178 - INFO - ARP表已成功刷新
2025-04-12 08:28:11,182 - INFO - 设备指纹: dbc5af076c88369a...
2025-04-12 08:28:11,183 - INFO - 重连前刷新ARP表...
2025-04-12 08:28:11,183 - INFO - 主动刷新ARP表...
2025-04-12 08:28:11,191 - INFO - ARP表已成功刷新
2025-04-12 08:28:12,192 - INFO - 启动增强安全视频监控: https://172.20.10.7:5443/video_feed
2025-04-12 08:28:12,493 - INFO - 验证服务器证书: https://172.20.10.7:5443/video_feed
2025-04-12 08:28:12,495 - INFO - 加载已保存的服务器指纹: 560704b15258ee6a7ffaf63e7abf29ba06d012184b412feaecbc9d04b5d115b2
2025-04-12 08:28:12,513 - INFO - 证书指纹验证成功
2025-04-12 08:28:12,513 - INFO - 服务器证书验证成功
2025-04-12 08:28:12,620 - INFO - 发送认证请求到 https://172.20.10.7:5443/api/auth
2025-04-12 08:28:12,644 - INFO - 挑战验证成功
2025-04-12 08:28:12,644 - INFO - 服务器信息: {'fingerprint': '560704b15258ee6a7ffaf63e7abf29ba06d012184b412feaecbc9d04b5d115b2', 'hostname': 'MacBook-Pro.local', 'version': '2.0'}
2025-04-12 08:28:12,644 - INFO - 认证成功
2025-04-12 08:28:12,644 - INFO - 心跳线程已启动
2025-04-12 08:28:12,645 - INFO - 认证成功
2025-04-12 08:28:12,645 - INFO - 网络监控线程已启动
2025-04-12 08:28:12,645 - INFO - 启动视频帧获取线程: https://172.20.10.7:5443/video_feed
2025-04-12 08:28:12,739 - INFO - 已连接到HTTPS视频流
2025-04-12 08:28:13,479 - INFO - 已成功接收 10 帧
2025-04-12 08:28:14,183 - INFO - 已成功接收 20 帧
2025-04-12 08:28:14,614 - INFO - 用户退出
2025-04-12 08:28:14,629 - INFO - 安全状态已保存到 /home/kali/Desktop/client/enhanced/config/security_state.json
2025-04-12 08:28:14,629 - INFO - 程序已终止
2025-04-12 08:29:31,144 - INFO - 已从 /home/kali/Desktop/client/enhanced/config/security_state.json 加载安全状态
2025-04-12 08:29:31,144 - INFO - 初始化时刷新ARP表...
2025-04-12 08:29:31,144 - INFO - 主动刷新ARP表...
2025-04-12 08:29:31,148 - INFO - ARP表已成功刷新
2025-04-12 08:29:32,153 - INFO - 设备指纹: dbc5af076c88369a...
2025-04-12 08:29:32,154 - INFO - 重连前刷新ARP表...
2025-04-12 08:29:32,154 - INFO - 主动刷新ARP表...
2025-04-12 08:29:32,163 - INFO - ARP表已成功刷新
2025-04-12 08:29:33,164 - INFO - 启动增强安全视频监控: https://172.20.10.7:5443/video_feed
2025-04-12 08:29:33,432 - INFO - 验证服务器证书: https://172.20.10.7:5443/video_feed
2025-04-12 08:29:33,450 - INFO - 首次连接到服务器，保存证书指纹
2025-04-12 08:29:33,450 - INFO - 服务器证书验证成功
2025-04-12 08:29:33,546 - INFO - 发送认证请求到 https://172.20.10.7:5443/api/auth
2025-04-12 08:29:33,570 - INFO - 挑战验证成功
2025-04-12 08:29:33,570 - INFO - 服务器信息: {'fingerprint': '560704b15258ee6a7ffaf63e7abf29ba06d012184b412feaecbc9d04b5d115b2', 'hostname': 'MacBook-Pro.local', 'version': '2.0'}
2025-04-12 08:29:33,570 - INFO - 认证成功
2025-04-12 08:29:33,570 - INFO - 心跳线程已启动
2025-04-12 08:29:33,571 - INFO - 认证成功
2025-04-12 08:29:33,571 - INFO - 网络监控线程已启动
2025-04-12 08:29:33,571 - INFO - 启动视频帧获取线程: https://172.20.10.7:5443/video_feed
2025-04-12 08:29:33,686 - INFO - 已连接到HTTPS视频流
2025-04-12 08:29:34,488 - INFO - 已成功接收 10 帧
2025-04-12 08:29:35,426 - INFO - 已成功接收 20 帧
2025-04-12 08:29:35,768 - INFO - 用户退出
2025-04-12 08:29:35,786 - INFO - 安全状态已保存到 /home/kali/Desktop/client/enhanced/config/security_state.json
2025-04-12 08:29:35,786 - INFO - 程序已终止
2025-04-12 08:30:28,309 - INFO - 已从 /home/kali/Desktop/client/enhanced/config/security_state.json 加载安全状态
2025-04-12 08:30:28,309 - INFO - 初始化时刷新ARP表...
2025-04-12 08:30:28,309 - INFO - 主动刷新ARP表...
2025-04-12 08:30:28,313 - INFO - ARP表已成功刷新
2025-04-12 08:30:29,315 - INFO - 设备指纹: dbc5af076c88369a...
2025-04-12 08:30:29,315 - INFO - 重连前刷新ARP表...
2025-04-12 08:30:29,315 - INFO - 主动刷新ARP表...
2025-04-12 08:30:29,321 - INFO - ARP表已成功刷新
2025-04-12 08:30:30,324 - INFO - 启动增强安全视频监控: https://172.20.10.7:5443/video_feed
2025-04-12 08:30:30,608 - INFO - 验证服务器证书: https://172.20.10.7:5443/video_feed
2025-04-12 08:30:30,630 - INFO - 首次连接到服务器，保存证书指纹
2025-04-12 08:30:30,630 - INFO - 服务器证书验证成功
2025-04-12 08:30:30,733 - INFO - 发送认证请求到 https://172.20.10.7:5443/api/auth
2025-04-12 08:30:30,757 - INFO - 挑战验证成功
2025-04-12 08:30:30,757 - INFO - 服务器信息: {'fingerprint': '560704b15258ee6a7ffaf63e7abf29ba06d012184b412feaecbc9d04b5d115b2', 'hostname': 'MacBook-Pro.local', 'version': '2.0'}
2025-04-12 08:30:30,757 - INFO - 认证成功
2025-04-12 08:30:30,757 - INFO - 心跳线程已启动
2025-04-12 08:30:30,758 - INFO - 认证成功
2025-04-12 08:30:30,758 - INFO - 网络监控线程已启动
2025-04-12 08:30:30,758 - INFO - 启动视频帧获取线程: https://172.20.10.7:5443/video_feed
2025-04-12 08:30:30,863 - INFO - 已连接到HTTPS视频流
2025-04-12 08:30:31,626 - INFO - 已成功接收 10 帧
2025-04-12 08:30:32,530 - INFO - 已成功接收 20 帧
2025-04-12 08:30:32,573 - INFO - 用户退出
2025-04-12 08:30:32,590 - INFO - 安全状态已保存到 /home/kali/Desktop/client/enhanced/config/security_state.json
2025-04-12 08:30:32,591 - INFO - 程序已终止
2025-04-12 08:33:08,840 - INFO - 已从 /home/kali/Desktop/client/enhanced/config/security_state.json 加载安全状态
2025-04-12 08:33:08,840 - INFO - 初始化时刷新ARP表...
2025-04-12 08:33:08,840 - INFO - 主动刷新ARP表...
2025-04-12 08:33:08,843 - INFO - ARP表已成功刷新
2025-04-12 08:33:09,849 - INFO - 设备指纹: dbc5af076c88369a...
2025-04-12 08:33:09,849 - INFO - 重连前刷新ARP表...
2025-04-12 08:33:09,849 - INFO - 主动刷新ARP表...
2025-04-12 08:33:09,858 - INFO - ARP表已成功刷新
2025-04-12 08:33:10,859 - INFO - 启动增强安全视频监控: https://172.20.10.7:5443/video_feed
2025-04-12 08:33:11,133 - INFO - 验证服务器证书: https://172.20.10.7:5443/video_feed
2025-04-12 08:33:11,134 - INFO - 加载已保存的服务器指纹: 560704b15258ee6a7ffaf63e7abf29ba06d012184b412feaecbc9d04b5d115b2
2025-04-12 08:33:11,156 - INFO - 证书指纹验证成功
2025-04-12 08:33:11,156 - INFO - 服务器证书验证成功
2025-04-12 08:33:11,253 - INFO - 发送认证请求到 https://172.20.10.7:5443/api/auth
2025-04-12 08:33:11,279 - INFO - 挑战验证成功
2025-04-12 08:33:11,279 - INFO - 服务器信息: {'fingerprint': '560704b15258ee6a7ffaf63e7abf29ba06d012184b412feaecbc9d04b5d115b2', 'hostname': 'MacBook-Pro.local', 'version': '2.0'}
2025-04-12 08:33:11,279 - INFO - 认证成功
2025-04-12 08:33:11,280 - INFO - 心跳线程已启动
2025-04-12 08:33:11,280 - INFO - 认证成功
2025-04-12 08:33:11,281 - INFO - 网络监控线程已启动
2025-04-12 08:33:11,281 - INFO - 启动视频帧获取线程: https://172.20.10.7:5443/video_feed
2025-04-12 08:33:13,650 - INFO - 已连接到HTTPS视频流
2025-04-12 08:33:14,622 - INFO - 已成功接收 10 帧
2025-04-12 08:33:15,511 - INFO - 已成功接收 20 帧
2025-04-12 08:33:16,368 - INFO - 已成功接收 30 帧
2025-04-12 08:33:16,837 - INFO - 用户退出
2025-04-12 08:33:16,853 - INFO - 安全状态已保存到 /home/kali/Desktop/client/enhanced/config/security_state.json
2025-04-12 08:33:16,853 - INFO - 程序已终止
2025-04-12 08:40:58,369 - INFO - 已从 /home/kali/Desktop/client/enhanced/config/security_state.json 加载安全状态
2025-04-12 08:40:58,369 - INFO - 初始化时刷新ARP表...
2025-04-12 08:40:58,369 - INFO - 主动刷新ARP表...
2025-04-12 08:40:58,372 - INFO - ARP表已成功刷新
2025-04-12 08:40:59,378 - INFO - 设备指纹: dbc5af076c88369a...
2025-04-12 08:40:59,378 - INFO - 重连前刷新ARP表...
2025-04-12 08:40:59,378 - INFO - 主动刷新ARP表...
2025-04-12 08:40:59,387 - INFO - ARP表已成功刷新
2025-04-12 08:41:00,391 - INFO - 启动增强安全视频监控: https://172.20.10.7:5443/video_feed
2025-04-12 08:41:00,676 - INFO - 验证服务器证书: https://172.20.10.7:5443/video_feed
2025-04-12 08:41:00,677 - INFO - 加载已保存的服务器指纹: 560704b15258ee6a7ffaf63e7abf29ba06d012184b412feaecbc9d04b5d115b2
2025-04-12 08:41:00,696 - INFO - 证书指纹验证成功
2025-04-12 08:41:00,696 - INFO - 服务器证书验证成功
2025-04-12 08:41:00,802 - INFO - 发送认证请求到 https://172.20.10.7:5443/api/auth
2025-04-12 08:41:00,826 - INFO - 挑战验证成功
2025-04-12 08:41:00,826 - INFO - 服务器信息: {'fingerprint': '560704b15258ee6a7ffaf63e7abf29ba06d012184b412feaecbc9d04b5d115b2', 'hostname': 'MacBook-Pro.local', 'version': '2.0'}
2025-04-12 08:41:00,826 - INFO - 认证成功
2025-04-12 08:41:00,827 - INFO - 心跳线程已启动
2025-04-12 08:41:00,827 - INFO - 认证成功
2025-04-12 08:41:00,827 - INFO - 网络监控线程已启动
2025-04-12 08:41:00,827 - INFO - 启动视频帧获取线程: https://172.20.10.7:5443/video_feed
2025-04-12 08:41:03,101 - INFO - 已连接到HTTPS视频流
2025-04-12 08:41:04,122 - INFO - 已成功接收 10 帧
2025-04-12 08:41:04,385 - INFO - 用户退出
2025-04-12 08:41:04,407 - INFO - 安全状态已保存到 /home/kali/Desktop/client/enhanced/config/security_state.json
2025-04-12 08:41:04,407 - INFO - 程序已终止
2025-04-12 08:44:18,823 - INFO - 已从 /home/kali/Desktop/client/enhanced/config/security_state.json 加载安全状态
2025-04-12 08:44:18,823 - INFO - 初始化时刷新ARP表...
2025-04-12 08:44:18,823 - INFO - 主动刷新ARP表...
2025-04-12 08:44:18,826 - INFO - ARP表已成功刷新
2025-04-12 08:44:19,835 - INFO - 设备指纹: dbc5af076c88369a...
2025-04-12 08:44:19,835 - INFO - 重连前刷新ARP表...
2025-04-12 08:44:19,835 - INFO - 主动刷新ARP表...
2025-04-12 08:44:19,843 - INFO - ARP表已成功刷新
2025-04-12 08:44:20,847 - INFO - 启动增强安全视频监控: https://172.20.10.7:5443/video_feed
2025-04-12 08:44:21,133 - INFO - 验证服务器证书: https://172.20.10.7:5443/video_feed
2025-04-12 08:44:21,135 - INFO - 加载已保存的服务器指纹: 560704b15258ee6a7ffaf63e7abf29ba06d012184b412feaecbc9d04b5d115b2
2025-04-12 08:44:21,156 - INFO - 证书指纹验证成功
2025-04-12 08:44:21,156 - INFO - 服务器证书验证成功
2025-04-12 08:44:21,252 - INFO - 发送认证请求到 https://172.20.10.7:5443/api/auth
2025-04-12 08:44:21,278 - INFO - 挑战验证成功
2025-04-12 08:44:21,278 - INFO - 服务器信息: {'fingerprint': '560704b15258ee6a7ffaf63e7abf29ba06d012184b412feaecbc9d04b5d115b2', 'hostname': 'MacBook-Pro.local', 'version': '2.0'}
2025-04-12 08:44:21,279 - INFO - 认证成功
2025-04-12 08:44:21,279 - INFO - 心跳线程已启动
2025-04-12 08:44:21,279 - INFO - 认证成功
2025-04-12 08:44:21,279 - INFO - 网络监控线程已启动
2025-04-12 08:44:21,280 - INFO - 启动视频帧获取线程: https://172.20.10.7:5443/video_feed
2025-04-12 08:44:23,569 - INFO - 已连接到HTTPS视频流
2025-04-12 08:44:24,331 - INFO - 已成功接收 10 帧
2025-04-12 08:44:25,082 - INFO - 已成功接收 20 帧
2025-04-12 08:44:25,388 - INFO - 用户退出
2025-04-12 08:44:25,402 - INFO - 安全状态已保存到 /home/kali/Desktop/client/enhanced/config/security_state.json
2025-04-12 08:44:25,402 - INFO - 程序已终止
